生成启动时间为 2016/3/12 0:57:22。
     1>项目“C:\Users\Leonardo\Documents\Visual Studio 2012\Projects\XXX\XXX\XXX.vcxproj”在节点 2 上(Build 个目标)。
     1>InitializeBuildStatus:
         正在创建“Debug\XXX.unsuccessfulbuild”，因为已指定“AlwaysCreate”。
       ClCompile:
         C:\Program Files (x86)\Microsoft Visual Studio 11.0\VC\bin\CL.exe /c /ZI /nologo /W3 /WX- /Od /Oy- /D WIN32 /D _DEBUG /D _CONSOLE /D _UNICODE /D UNICODE /Gm /EHsc /RTC1 /MDd /GS /fp:precise /Zc:wchar_t /Zc:forScope /Fo"Debug\\" /Fd"Debug\vc110.pdb" /Gd /TP /analyze- /errorReport:prompt main.cpp
         main.cpp
     1>c:\users\leonardo\documents\visual studio 2012\projects\xxx\xxx\constants.h(15): warning C4305: “初始化”: 从“double”到“const float”截断
     1>c:\users\leonardo\documents\visual studio 2012\projects\xxx\xxx\constants.h(26): warning C4305: “初始化”: 从“double”到“const float”截断
     1>c:\users\leonardo\documents\visual studio 2012\projects\xxx\xxx\main.cpp(75): warning C4244: “参数”: 从“double”转换到“int”，可能丢失数据
     1>c:\users\leonardo\documents\visual studio 2012\projects\xxx\xxx\main.cpp(126): warning C4244: “初始化”: 从“double”转换到“int”，可能丢失数据
     1>c:\users\leonardo\documents\visual studio 2012\projects\xxx\xxx\main.cpp(127): warning C4244: “初始化”: 从“double”转换到“int”，可能丢失数据
     1>c:\users\leonardo\documents\visual studio 2012\projects\xxx\xxx\main.cpp(128): warning C4244: “初始化”: 从“double”转换到“int”，可能丢失数据
     1>c:\users\leonardo\documents\visual studio 2012\projects\xxx\xxx\main.cpp(132): warning C4244: “参数”: 从“double”转换到“int”，可能丢失数据
     1>c:\users\leonardo\documents\visual studio 2012\projects\xxx\xxx\main.cpp(134): warning C4244: “参数”: 从“double”转换到“int”，可能丢失数据
     1>c:\users\leonardo\documents\visual studio 2012\projects\xxx\xxx\main.cpp(368): warning C4018: “<”: 有符号/无符号不匹配
       Link:
         C:\Program Files (x86)\Microsoft Visual Studio 11.0\VC\bin\link.exe /ERRORREPORT:PROMPT /OUT:"C:\Users\Leonardo\Documents\Visual Studio 2012\Projects\XXX\Debug\XXX.exe" /INCREMENTAL /NOLOGO kernel32.lib user32.lib gdi32.lib winspool.lib comdlg32.lib advapi32.lib shell32.lib ole32.lib oleaut32.lib uuid.lib odbc32.lib odbccp32.lib opencv_ml249d.lib opencv_calib3d249d.lib opencv_contrib249d.lib opencv_core249d.lib opencv_features2d249d.lib opencv_flann249d.lib opencv_gpu249d.lib opencv_highgui249d.lib opencv_imgproc249d.lib opencv_legacy249d.lib opencv_objdetect249d.lib opencv_ts249d.lib opencv_video249d.lib opencv_nonfree249d.lib opencv_ocl249d.lib opencv_photo249d.lib opencv_stitching249d.lib opencv_superres249d.lib opencv_videostab249d.lib kernel32.lib user32.lib gdi32.lib winspool.lib comdlg32.lib advapi32.lib shell32.lib ole32.lib oleaut32.lib uuid.lib odbc32.lib odbccp32.lib /MANIFEST /MANIFESTUAC:"level='asInvoker' uiAccess='false'" /manifest:embed /DEBUG /PDB:"C:\Users\Leonardo\Documents\Visual Studio 2012\Projects\XXX\Debug\XXX.pdb" /SUBSYSTEM:CONSOLE /TLBID:1 /DYNAMICBASE /NXCOMPAT /IMPLIB:"C:\Users\Leonardo\Documents\Visual Studio 2012\Projects\XXX\Debug\XXX.lib" /MACHINE:X86 Debug\findEyeCenter.obj
         Debug\findEyeCorner.obj
         Debug\helpers.obj
         Debug\main.obj
         Debug\Serial.obj
         XXX.vcxproj -> C:\Users\Leonardo\Documents\Visual Studio 2012\Projects\XXX\Debug\XXX.exe
       FinalizeBuildStatus:
         正在删除文件“Debug\XXX.unsuccessfulbuild”。
         正在对“Debug\XXX.lastbuildstate”执行 Touch 任务。
     1>已完成生成项目“C:\Users\Leonardo\Documents\Visual Studio 2012\Projects\XXX\XXX\XXX.vcxproj”(Build 个目标)的操作。

生成成功。

已用时间 00:00:02.19
